2025-03-13 15:59:37,048 INFO o.a.j.u.JMeterUtils: Setting Locale to en_EN
2025-03-13 15:59:37,074 INFO o.a.j.JMeter: Loading user properties from: C:\Program Files\apache-jmeter-5.6.3\bin\user.properties
2025-03-13 15:59:37,075 INFO o.a.j.JMeter: Loading system properties from: C:\Program Files\apache-jmeter-5.6.3\bin\system.properties
2025-03-13 15:59:37,083 INFO o.a.j.JMeter: Copyright (c) 1998-2024 The Apache Software Foundation
2025-03-13 15:59:37,083 INFO o.a.j.JMeter: Version 5.6.3
2025-03-13 15:59:37,083 INFO o.a.j.JMeter: java.version=21.0.2
2025-03-13 15:59:37,083 INFO o.a.j.JMeter: java.vm.name=OpenJDK 64-Bit Server VM
2025-03-13 15:59:37,083 INFO o.a.j.JMeter: os.name=Windows 10
2025-03-13 15:59:37,083 INFO o.a.j.JMeter: os.arch=amd64
2025-03-13 15:59:37,084 INFO o.a.j.JMeter: os.version=10.0
2025-03-13 15:59:37,084 INFO o.a.j.JMeter: file.encoding=UTF-8
2025-03-13 15:59:37,084 INFO o.a.j.JMeter: java.awt.headless=true
2025-03-13 15:59:37,084 INFO o.a.j.JMeter: Max memory     =1073741824
2025-03-13 15:59:37,084 INFO o.a.j.JMeter: Available Processors =8
2025-03-13 15:59:37,095 INFO o.a.j.JMeter: Default Locale=English (EN)
2025-03-13 15:59:37,096 INFO o.a.j.JMeter: JMeter  Locale=English (EN)
2025-03-13 15:59:37,096 INFO o.a.j.JMeter: JMeterHome=C:\Program Files\apache-jmeter-5.6.3
2025-03-13 15:59:37,096 INFO o.a.j.JMeter: user.dir  =C:\Users\Lenovo\OneDrive\Desktop\Kuliah\Adpro\testplan
2025-03-13 15:59:37,097 INFO o.a.j.JMeter: PWD       =C:\Users\Lenovo\OneDrive\Desktop\Kuliah\Adpro\testplan
2025-03-13 15:59:37,098 INFO o.a.j.JMeter: IP: 192.168.249.195 Name: DESKTOP-8L5MUBI FullName: DESKTOP-8L5MUBI
2025-03-13 15:59:37,120 INFO o.a.j.s.FileServer: Default base='C:\Users\Lenovo\OneDrive\Desktop\Kuliah\Adpro\testplan'
2025-03-13 15:59:37,123 INFO o.a.j.s.FileServer: Set new base='C:\Users\Lenovo\OneDrive\Desktop\Kuliah\Adpro\testplan'
2025-03-13 15:59:37,348 INFO o.a.j.s.SaveService: Testplan (JMX) version: 2.2. Testlog (JTL) version: 2.2
2025-03-13 15:59:37,395 INFO o.a.j.s.SaveService: Using SaveService properties version 5.0
2025-03-13 15:59:37,398 INFO o.a.j.s.SaveService: Using SaveService properties file encoding UTF-8
2025-03-13 15:59:37,401 INFO o.a.j.s.SaveService: Loading file: test_plan_3.jmx
2025-03-13 15:59:37,462 INFO o.a.j.p.h.s.HTTPSamplerBase: Parser for text/html is org.apache.jmeter.protocol.http.parser.LagartoBasedHtmlParser
2025-03-13 15:59:37,462 INFO o.a.j.p.h.s.HTTPSamplerBase: Parser for application/xhtml+xml is org.apache.jmeter.protocol.http.parser.LagartoBasedHtmlParser
2025-03-13 15:59:37,462 INFO o.a.j.p.h.s.HTTPSamplerBase: Parser for application/xml is org.apache.jmeter.protocol.http.parser.LagartoBasedHtmlParser
2025-03-13 15:59:37,462 INFO o.a.j.p.h.s.HTTPSamplerBase: Parser for text/xml is org.apache.jmeter.protocol.http.parser.LagartoBasedHtmlParser
2025-03-13 15:59:37,462 INFO o.a.j.p.h.s.HTTPSamplerBase: Parser for text/vnd.wap.wml is org.apache.jmeter.protocol.http.parser.RegexpHTMLParser
2025-03-13 15:59:37,462 INFO o.a.j.p.h.s.HTTPSamplerBase: Parser for text/css is org.apache.jmeter.protocol.http.parser.CssParser
2025-03-13 15:59:37,493 INFO o.a.j.JMeter: Creating summariser <summary>
2025-03-13 15:59:37,508 INFO o.a.j.e.StandardJMeterEngine: Running the test!
2025-03-13 15:59:37,509 INFO o.a.j.s.SampleEvent: List of sample_variables: []
2025-03-13 15:59:37,509 INFO o.a.j.s.SampleEvent: List of sample_variables: []
2025-03-13 15:59:37,517 INFO o.a.j.e.u.CompoundVariable: Note: Function class names must contain the string: '.functions.'
2025-03-13 15:59:37,518 INFO o.a.j.e.u.CompoundVariable: Note: Function class names must not contain the string: '.gui.'
2025-03-13 15:59:37,610 INFO o.a.j.JMeter: Running test (1741856377609)
2025-03-13 15:59:37,631 INFO o.a.j.e.StandardJMeterEngine: Starting ThreadGroup: 1 : Thread Group
2025-03-13 15:59:37,631 INFO o.a.j.e.StandardJMeterEngine: Starting 10 threads for group Thread Group.
2025-03-13 15:59:37,631 INFO o.a.j.e.StandardJMeterEngine: Thread will continue on error
2025-03-13 15:59:37,631 INFO o.a.j.t.ThreadGroup: Starting thread group... number=1 threads=10 ramp-up=1 delayedStart=false
2025-03-13 15:59:37,639 INFO o.a.j.t.ThreadGroup: Started thread group number 1
2025-03-13 15:59:37,640 INFO o.a.j.e.StandardJMeterEngine: All thread groups have been started
2025-03-13 15:59:37,641 INFO o.a.j.t.JMeterThread: Thread started: Thread Group 1-1
2025-03-13 15:59:37,659 INFO o.a.j.p.h.s.HTTPHCAbstractImpl: Local host = DESKTOP-8L5MUBI
2025-03-13 15:59:37,666 INFO o.a.j.p.h.s.HTTPHC4Impl: HTTP request retry count = 0
2025-03-13 15:59:37,667 INFO o.a.j.s.SampleResult: Note: Sample TimeStamps are START times
2025-03-13 15:59:37,667 INFO o.a.j.s.SampleResult: sampleresult.default.encoding is set to UTF-8
2025-03-13 15:59:37,667 INFO o.a.j.s.SampleResult: sampleresult.useNanoTime=true
2025-03-13 15:59:37,667 INFO o.a.j.s.SampleResult: sampleresult.nanoThreadSleep=5000
2025-03-13 15:59:37,738 INFO o.a.j.t.JMeterThread: Thread started: Thread Group 1-2
2025-03-13 15:59:37,837 INFO o.a.j.t.JMeterThread: Thread started: Thread Group 1-3
2025-03-13 15:59:37,936 INFO o.a.j.t.JMeterThread: Thread started: Thread Group 1-4
2025-03-13 15:59:37,964 INFO o.a.j.t.JMeterThread: Thread is done: Thread Group 1-2
2025-03-13 15:59:37,964 INFO o.a.j.t.JMeterThread: Thread is done: Thread Group 1-1
2025-03-13 15:59:37,965 INFO o.a.j.t.JMeterThread: Thread finished: Thread Group 1-2
2025-03-13 15:59:37,965 INFO o.a.j.t.JMeterThread: Thread finished: Thread Group 1-1
2025-03-13 15:59:38,002 INFO o.a.j.t.JMeterThread: Thread is done: Thread Group 1-3
2025-03-13 15:59:38,002 INFO o.a.j.t.JMeterThread: Thread finished: Thread Group 1-3
2025-03-13 15:59:38,037 INFO o.a.j.t.JMeterThread: Thread started: Thread Group 1-5
2025-03-13 15:59:38,085 INFO o.a.j.t.JMeterThread: Thread is done: Thread Group 1-4
2025-03-13 15:59:38,086 INFO o.a.j.t.JMeterThread: Thread finished: Thread Group 1-4
2025-03-13 15:59:38,136 INFO o.a.j.t.JMeterThread: Thread started: Thread Group 1-6
2025-03-13 15:59:38,164 INFO o.a.j.t.JMeterThread: Thread is done: Thread Group 1-5
2025-03-13 15:59:38,164 INFO o.a.j.t.JMeterThread: Thread finished: Thread Group 1-5
2025-03-13 15:59:38,235 INFO o.a.j.t.JMeterThread: Thread started: Thread Group 1-7
2025-03-13 15:59:38,251 INFO o.a.j.t.JMeterThread: Thread is done: Thread Group 1-6
2025-03-13 15:59:38,251 INFO o.a.j.t.JMeterThread: Thread finished: Thread Group 1-6
2025-03-13 15:59:38,334 INFO o.a.j.t.JMeterThread: Thread started: Thread Group 1-8
2025-03-13 15:59:38,346 INFO o.a.j.t.JMeterThread: Thread is done: Thread Group 1-7
2025-03-13 15:59:38,347 INFO o.a.j.t.JMeterThread: Thread finished: Thread Group 1-7
2025-03-13 15:59:38,436 INFO o.a.j.t.JMeterThread: Thread started: Thread Group 1-9
2025-03-13 15:59:38,454 INFO o.a.j.t.JMeterThread: Thread is done: Thread Group 1-8
2025-03-13 15:59:38,454 INFO o.a.j.t.JMeterThread: Thread finished: Thread Group 1-8
2025-03-13 15:59:38,533 INFO o.a.j.t.JMeterThread: Thread started: Thread Group 1-10
2025-03-13 15:59:38,554 INFO o.a.j.t.JMeterThread: Thread is done: Thread Group 1-9
2025-03-13 15:59:38,555 INFO o.a.j.t.JMeterThread: Thread finished: Thread Group 1-9
2025-03-13 15:59:38,656 INFO o.a.j.t.JMeterThread: Thread is done: Thread Group 1-10
2025-03-13 15:59:38,656 INFO o.a.j.t.JMeterThread: Thread finished: Thread Group 1-10
2025-03-13 15:59:38,656 INFO o.a.j.e.StandardJMeterEngine: Notifying test listeners of end of test
2025-03-13 15:59:38,659 INFO o.a.j.r.Summariser: summary =     10 in 00:00:01 =    9.5/s Avg:   143 Min:   110 Max:   208 Err:     0 (0.00%)
